TN:
SF:index.js
FN:13,(anonymous_0)
FN:23,(anonymous_1)
FN:32,(anonymous_2)
FN:45,(anonymous_3)
FN:56,(anonymous_4)
FN:66,(anonymous_5)
FN:91,(anonymous_6)
FN:102,(anonymous_7)
FN:126,(anonymous_8)
FN:145,(anonymous_9)
FN:150,(anonymous_10)
FN:170,(anonymous_11)
FN:178,(anonymous_12)
FN:182,(anonymous_13)
FN:204,(anonymous_14)
FN:211,(anonymous_15)
FN:212,(anonymous_16)
FN:215,(anonymous_17)
FN:220,(anonymous_18)
FNF:19
FNH:0
FNDA:0,(anonymous_0)
FNDA:0,(anonymous_1)
FNDA:0,(anonymous_2)
FNDA:0,(anonymous_3)
FNDA:0,(anonymous_4)
FNDA:0,(anonymous_5)
FNDA:0,(anonymous_6)
FNDA:0,(anonymous_7)
FNDA:0,(anonymous_8)
FNDA:0,(anonymous_9)
FNDA:0,(anonymous_10)
FNDA:0,(anonymous_11)
FNDA:0,(anonymous_12)
FNDA:0,(anonymous_13)
FNDA:0,(anonymous_14)
FNDA:0,(anonymous_15)
FNDA:0,(anonymous_16)
FNDA:0,(anonymous_17)
FNDA:0,(anonymous_18)
DA:1,0
DA:2,0
DA:3,0
DA:4,0
DA:5,0
DA:6,0
DA:7,0
DA:8,0
DA:10,0
DA:13,0
DA:14,0
DA:23,0
DA:24,0
DA:32,0
DA:33,0
DA:45,0
DA:46,0
DA:47,0
DA:48,0
DA:50,0
DA:51,0
DA:56,0
DA:57,0
DA:58,0
DA:64,0
DA:66,0
DA:67,0
DA:68,0
DA:69,0
DA:76,0
DA:91,0
DA:92,0
DA:93,0
DA:94,0
DA:96,0
DA:97,0
DA:102,0
DA:103,0
DA:104,0
DA:105,0
DA:111,0
DA:112,0
DA:121,0
DA:126,0
DA:136,0
DA:141,0
DA:142,0
DA:145,0
DA:146,0
DA:150,0
DA:152,0
DA:156,0
DA:159,0
DA:162,0
DA:165,0
DA:166,0
DA:167,0
DA:168,0
DA:170,0
DA:171,0
DA:172,0
DA:173,0
DA:174,0
DA:178,0
DA:179,0
DA:182,0
DA:183,0
DA:184,0
DA:186,0
DA:189,0
DA:191,0
DA:192,0
DA:193,0
DA:195,0
DA:196,0
DA:198,0
DA:199,0
DA:204,0
DA:205,0
DA:206,0
DA:211,0
DA:212,0
DA:215,0
DA:216,0
DA:217,0
DA:220,0
DA:221,0
DA:222,0
DA:225,0
LF:89
LH:0
BRDA:40,0,0,0
BRDA:40,0,1,0
BRDA:50,1,0,0
BRDA:50,1,1,0
BRDA:50,2,0,0
BRDA:50,2,1,0
BRDA:50,2,2,0
BRDA:57,3,0,0
BRDA:57,3,1,0
BRDA:57,4,0,0
BRDA:57,4,1,0
BRDA:60,5,0,0
BRDA:60,5,1,0
BRDA:67,6,0,0
BRDA:67,6,1,0
BRDA:96,7,0,0
BRDA:96,7,1,0
BRDA:96,8,0,0
BRDA:96,8,1,0
BRDA:96,8,2,0
BRDA:103,9,0,0
BRDA:103,9,1,0
BRDA:111,10,0,0
BRDA:111,10,1,0
BRDA:111,11,0,0
BRDA:111,11,1,0
BRDA:128,12,0,0
BRDA:128,12,1,0
BRDA:128,12,2,0
BRDA:129,13,0,0
BRDA:129,13,1,0
BRDA:129,13,2,0
BRDA:152,14,0,0
BRDA:152,14,1,0
BRDA:152,15,0,0
BRDA:152,15,1,0
BRDA:152,15,2,0
BRDA:152,15,3,0
BRDA:162,16,0,0
BRDA:162,16,1,0
BRDA:166,17,0,0
BRDA:166,17,1,0
BRDA:167,18,0,0
BRDA:167,18,1,0
BRDA:183,19,0,0
BRDA:183,19,1,0
BRF:46
BRH:0
end_of_record
TN:
SF:src/App.js
FN:13,(anonymous_0)
FN:26,(anonymous_1)
FN:65,(anonymous_2)
FN:72,(anonymous_3)
FN:83,(anonymous_4)
FN:84,(anonymous_5)
FNF:6
FNH:1
FNDA:11,(anonymous_0)
FNDA:0,(anonymous_1)
FNDA:0,(anonymous_2)
FNDA:0,(anonymous_3)
FNDA:0,(anonymous_4)
FNDA:0,(anonymous_5)
DA:13,1
DA:15,11
DA:16,11
DA:17,11
DA:18,11
DA:19,11
DA:20,11
DA:26,11
DA:27,0
DA:28,0
DA:29,0
DA:30,0
DA:32,0
DA:34,0
DA:35,0
DA:36,0
DA:41,0
DA:42,0
DA:48,0
DA:51,0
DA:52,0
DA:55,0
DA:56,0
DA:58,0
DA:65,11
DA:66,0
DA:72,11
DA:73,0
DA:74,0
DA:75,0
DA:76,0
DA:77,0
DA:83,11
DA:84,0
DA:85,0
DA:86,0
DA:88,0
DA:90,0
DA:91,0
DA:92,0
DA:95,0
DA:96,0
DA:97,0
DA:100,0
DA:101,0
DA:102,0
DA:105,0
DA:109,0
DA:112,11
LF:49
LH:12
BRDA:34,0,0,0
BRDA:34,0,1,0
BRDA:51,1,0,0
BRDA:51,1,1,0
BRDA:85,2,0,0
BRDA:85,2,1,0
BRDA:86,3,0,0
BRDA:86,3,1,0
BRDA:88,4,0,0
BRDA:88,4,1,0
BRDA:88,4,2,0
BRDA:88,4,3,0
BRDA:90,5,0,0
BRDA:90,5,1,0
BRDA:91,6,0,0
BRDA:91,6,1,0
BRDA:95,7,0,0
BRDA:95,7,1,0
BRDA:96,8,0,0
BRDA:96,8,1,0
BRDA:100,9,0,0
BRDA:100,9,1,0
BRDA:100,9,2,0
BRDA:100,9,3,0
BRDA:101,10,0,0
BRDA:101,10,1,0
BRDA:101,10,2,0
BRDA:101,10,3,0
BRF:28
BRH:0
end_of_record
TN:
SF:src/components/Header/Header.js
FN:8,(anonymous_0)
FNF:1
FNH:1
FNDA:11,(anonymous_0)
DA:8,1
DA:9,11
LF:2
LH:2
BRF:0
BRH:0
end_of_record
TN:
SF:src/components/InsightsPanel/InsightsPanel.js
FN:8,(anonymous_0)
FN:48,(anonymous_1)
FN:52,(anonymous_2)
FN:54,(anonymous_3)
FN:61,(anonymous_4)
FN:66,(anonymous_5)
FN:77,(anonymous_6)
FN:78,(anonymous_7)
FN:104,(anonymous_8)
FNF:9
FNH:1
FNDA:11,(anonymous_0)
FNDA:0,(anonymous_1)
FNDA:0,(anonymous_2)
FNDA:0,(anonymous_3)
FNDA:0,(anonymous_4)
FNDA:0,(anonymous_5)
FNDA:0,(anonymous_6)
FNDA:0,(anonymous_7)
FNDA:0,(anonymous_8)
DA:8,1
DA:9,11
DA:10,11
DA:28,0
DA:29,0
DA:31,0
DA:32,0
DA:48,0
DA:49,0
DA:50,0
DA:52,0
DA:53,0
DA:54,0
DA:55,0
DA:60,0
DA:61,0
DA:66,0
DA:70,0
DA:73,0
DA:77,0
DA:78,0
DA:81,0
DA:105,0
LF:23
LH:3
BRDA:9,0,0,11
BRDA:9,0,1,0
BRDA:28,1,0,0
BRDA:28,1,1,0
BRDA:29,2,0,0
BRDA:29,2,1,0
BRDA:29,2,2,0
BRDA:29,2,3,0
BRDA:31,3,0,0
BRDA:31,3,1,0
BRDA:53,4,0,0
BRDA:53,4,1,0
BRDA:55,5,0,0
BRDA:55,5,1,0
BRDA:70,6,0,0
BRDA:70,6,1,0
BRDA:74,7,0,0
BRDA:74,7,1,0
BRDA:75,8,0,0
BRDA:75,8,1,0
BRDA:76,9,0,0
BRDA:76,9,1,0
BRDA:77,10,0,0
BRDA:77,10,1,0
BRDA:77,11,0,0
BRDA:77,11,1,0
BRDA:78,12,0,0
BRDA:78,12,1,0
BRDA:78,13,0,0
BRDA:78,13,1,0
BRDA:95,14,0,0
BRDA:95,14,1,0
BRDA:100,15,0,0
BRDA:100,15,1,0
BRF:34
BRH:1
end_of_record
TN:
SF:src/components/ResultsPanel/ResultsHeader.js
FN:7,(anonymous_0)
FN:22,(anonymous_1)
FNF:2
FNH:1
FNDA:11,(anonymous_0)
FNDA:0,(anonymous_1)
DA:7,1
DA:8,11
DA:22,0
LF:3
LH:2
BRDA:12,0,0,11
BRDA:12,0,1,0
BRDA:14,1,0,0
BRDA:14,1,1,0
BRDA:19,2,0,11
BRDA:19,2,1,0
BRF:6
BRH:2
end_of_record
TN:
SF:src/components/ResultsPanel/ResultsList.js
FN:7,(anonymous_0)
FN:9,(anonymous_1)
FN:33,(anonymous_2)
FN:114,(anonymous_3)
FN:141,(anonymous_4)
FN:143,(anonymous_5)
FN:145,(anonymous_6)
FN:152,(anonymous_7)
FN:154,(anonymous_8)
FN:159,(anonymous_9)
FNF:10
FNH:0
FNDA:0,(anonymous_0)
FNDA:0,(anonymous_1)
FNDA:0,(anonymous_2)
FNDA:0,(anonymous_3)
FNDA:0,(anonymous_4)
FNDA:0,(anonymous_5)
FNDA:0,(anonymous_6)
FNDA:0,(anonymous_7)
FNDA:0,(anonymous_8)
FNDA:0,(anonymous_9)
DA:7,1
DA:9,0
DA:10,0
DA:11,0
DA:13,0
DA:14,0
DA:15,0
DA:16,0
DA:19,0
DA:23,0
DA:24,0
DA:25,0
DA:27,0
DA:29,0
DA:33,0
DA:115,0
DA:141,0
DA:142,0
DA:143,0
DA:144,0
DA:145,0
DA:146,0
DA:151,0
DA:152,0
DA:154,0
DA:157,0
DA:159,0
LF:27
LH:1
BRDA:10,0,0,0
BRDA:10,0,1,0
BRDA:11,1,0,0
BRDA:11,1,1,0
BRDA:13,2,0,0
BRDA:13,2,1,0
BRDA:13,3,0,0
BRDA:13,3,1,0
BRDA:14,4,0,0
BRDA:14,4,1,0
BRDA:14,5,0,0
BRDA:14,5,1,0
BRDA:15,6,0,0
BRDA:15,6,1,0
BRDA:15,7,0,0
BRDA:15,7,1,0
BRDA:16,8,0,0
BRDA:16,8,1,0
BRDA:16,9,0,0
BRDA:16,9,1,0
BRDA:19,10,0,0
BRDA:19,10,1,0
BRDA:19,11,0,0
BRDA:19,11,1,0
BRDA:23,12,0,0
BRDA:23,12,1,0
BRDA:23,13,0,0
BRDA:23,13,1,0
BRDA:23,14,0,0
BRDA:23,14,1,0
BRDA:24,15,0,0
BRDA:24,15,1,0
BRDA:24,15,2,0
BRDA:25,16,0,0
BRDA:25,16,1,0
BRDA:32,17,0,0
BRDA:32,17,1,0
BRDA:50,18,0,0
BRDA:50,18,1,0
BRDA:53,19,0,0
BRDA:53,19,1,0
BRDA:54,20,0,0
BRDA:54,20,1,0
BRDA:71,21,0,0
BRDA:71,21,1,0
BRDA:72,22,0,0
BRDA:72,22,1,0
BRDA:73,23,0,0
BRDA:73,23,1,0
BRDA:75,24,0,0
BRDA:75,24,1,0
BRDA:87,25,0,0
BRDA:87,25,1,0
BRDA:87,26,0,0
BRDA:87,26,1,0
BRDA:88,27,0,0
BRDA:88,27,1,0
BRDA:88,28,0,0
BRDA:88,28,1,0
BRDA:110,29,0,0
BRDA:110,29,1,0
BRDA:129,30,0,0
BRDA:129,30,1,0
BRDA:144,31,0,0
BRDA:144,31,1,0
BRDA:146,32,0,0
BRDA:146,32,1,0
BRF:67
BRH:0
end_of_record
TN:
SF:src/components/ResultsPanel/ResultsPanel.js
FN:13,(anonymous_0)
FN:26,(anonymous_1)
FN:68,(anonymous_2)
FNF:3
FNH:3
FNDA:11,(anonymous_0)
FNDA:11,(anonymous_1)
FNDA:11,(anonymous_2)
DA:13,1
DA:26,11
DA:27,11
DA:28,0
DA:31,11
DA:32,0
DA:35,11
DA:36,0
DA:45,11
DA:46,11
DA:55,0
DA:68,11
DA:69,11
DA:70,11
DA:73,0
DA:78,11
LF:16
LH:11
BRDA:27,0,0,0
BRDA:27,0,1,11
BRDA:31,1,0,0
BRDA:31,1,1,11
BRDA:35,2,0,0
BRDA:35,2,1,11
BRDA:35,3,0,11
BRDA:35,3,1,11
BRDA:45,4,0,11
BRDA:45,4,1,0
BRDA:69,5,0,11
BRDA:69,5,1,0
BRDA:73,6,0,0
BRDA:73,6,1,0
BRDA:83,7,0,11
BRDA:83,7,1,0
BRF:16
BRH:8
end_of_record
TN:
SF:src/components/SearchPanel/AdvancedFilters.js
FN:7,(anonymous_0)
FN:8,(anonymous_1)
FN:25,(anonymous_2)
FN:40,(anonymous_3)
FNF:4
FNH:0
FNDA:0,(anonymous_0)
FNDA:0,(anonymous_1)
FNDA:0,(anonymous_2)
FNDA:0,(anonymous_3)
DA:7,1
DA:8,0
DA:9,0
DA:15,0
DA:25,0
DA:40,0
LF:6
LH:1
BRF:0
BRH:0
end_of_record
TN:
SF:src/components/SearchPanel/CourseSearchForm.js
FN:9,(anonymous_0)
FN:10,(anonymous_1)
FN:24,(anonymous_2)
FN:35,(anonymous_3)
FNF:4
FNH:1
FNDA:11,(anonymous_0)
FNDA:0,(anonymous_1)
FNDA:0,(anonymous_2)
FNDA:0,(anonymous_3)
DA:9,1
DA:10,11
DA:11,0
DA:17,11
DA:24,0
DA:35,0
LF:6
LH:3
BRF:0
BRH:0
end_of_record
TN:
SF:src/components/SearchPanel/ProfessorSearchForm.js
FN:9,(anonymous_0)
FN:10,(anonymous_1)
FN:24,(anonymous_2)
FN:34,(anonymous_3)
FN:44,(anonymous_4)
FNF:5
FNH:0
FNDA:0,(anonymous_0)
FNDA:0,(anonymous_1)
FNDA:0,(anonymous_2)
FNDA:0,(anonymous_3)
FNDA:0,(anonymous_4)
DA:9,1
DA:10,0
DA:11,0
DA:17,0
DA:24,0
DA:34,0
DA:44,0
LF:7
LH:1
BRF:0
BRH:0
end_of_record
TN:
SF:src/components/SearchPanel/SearchPanel.js
FN:13,(anonymous_0)
FN:39,(anonymous_1)
FN:49,(anonymous_2)
FN:59,(anonymous_3)
FN:105,(anonymous_4)
FNF:5
FNH:1
FNDA:11,(anonymous_0)
FNDA:0,(anonymous_1)
FNDA:0,(anonymous_2)
FNDA:0,(anonymous_3)
FNDA:0,(anonymous_4)
DA:13,1
DA:19,11
DA:24,11
DA:30,11
DA:31,11
DA:39,11
DA:40,0
DA:42,0
DA:43,0
DA:49,11
DA:50,0
DA:52,0
DA:53,0
DA:59,11
DA:60,0
DA:61,0
DA:65,11
DA:105,0
LF:18
LH:9
BRDA:52,0,0,0
BRDA:52,0,1,0
BRDA:60,1,0,0
BRDA:60,1,1,0
BRDA:76,2,0,11
BRDA:76,2,1,0
BRDA:96,3,0,0
BRDA:96,3,1,11
BRDA:98,4,0,0
BRDA:98,4,1,11
BRDA:113,5,0,11
BRDA:113,5,1,0
BRF:12
BRH:4
end_of_record
TN:
SF:src/components/SearchPanel/SearchTypeSelector.js
FN:8,(anonymous_0)
FN:18,(anonymous_1)
FN:31,(anonymous_2)
FNF:3
FNH:1
FNDA:11,(anonymous_0)
FNDA:0,(anonymous_1)
FNDA:0,(anonymous_2)
DA:8,1
DA:9,11
DA:18,0
DA:31,0
LF:4
LH:2
BRF:0
BRH:0
end_of_record
TN:
SF:src/components/UI/Button.js
FN:8,(anonymous_0)
FNF:1
FNH:1
FNDA:22,(anonymous_0)
DA:8,1
DA:19,22
DA:27,22
LF:3
LH:3
BRDA:10,0,0,0
BRDA:11,1,0,0
BRDA:12,2,0,22
BRDA:13,3,0,11
BRDA:14,4,0,0
BRDA:16,5,0,22
BRDA:23,6,0,22
BRDA:23,6,1,0
BRDA:35,7,0,22
BRDA:35,7,1,22
BRDA:36,8,0,22
BRDA:36,8,1,22
BRF:12
BRH:8
end_of_record
TN:
SF:src/components/UI/EmptyState.js
FN:7,(anonymous_0)
FNF:1
FNH:1
FNDA:11,(anonymous_0)
DA:7,1
DA:8,11
LF:2
LH:2
BRF:0
BRH:0
end_of_record
TN:
SF:src/components/UI/ErrorState.js
FN:7,(anonymous_0)
FNF:1
FNH:0
FNDA:0,(anonymous_0)
DA:7,1
DA:8,0
LF:2
LH:1
BRF:0
BRH:0
end_of_record
TN:
SF:src/components/UI/InputField.js
FN:8,(anonymous_0)
FN:29,(anonymous_1)
FNF:2
FNH:1
FNDA:22,(anonymous_0)
FNDA:0,(anonymous_1)
DA:8,1
DA:22,22
DA:29,22
DA:30,0
DA:31,0
DA:35,22
LF:6
LH:4
BRDA:10,0,0,0
BRDA:14,1,0,0
BRDA:15,2,0,0
BRDA:16,3,0,22
BRDA:17,4,0,22
BRDA:18,5,0,22
BRDA:19,6,0,0
BRDA:24,7,0,22
BRDA:24,7,1,0
BRDA:25,8,0,22
BRDA:25,8,1,0
BRDA:30,9,0,0
BRDA:30,9,1,0
BRDA:37,10,0,22
BRDA:37,10,1,22
BRDA:40,11,0,22
BRDA:40,11,1,22
BRDA:56,12,0,22
BRDA:56,12,1,0
BRDA:63,13,0,22
BRDA:63,13,1,0
BRDA:63,13,2,0
BRF:22
BRH:11
end_of_record
TN:
SF:src/components/UI/LoadingState.js
FN:8,(anonymous_0)
FNF:1
FNH:0
FNDA:0,(anonymous_0)
DA:8,1
DA:9,0
LF:2
LH:1
BRDA:8,0,0,0
BRF:1
BRH:0
end_of_record
TN:
SF:src/services/apiService.js
FN:13,(anonymous_0)
FN:24,(anonymous_1)
FN:42,(anonymous_2)
FN:62,(anonymous_3)
FN:93,(anonymous_4)
FN:112,(anonymous_5)
FN:121,(anonymous_6)
FNF:7
FNH:6
FNDA:9,(anonymous_0)
FNDA:0,(anonymous_1)
FNDA:7,(anonymous_2)
FNDA:1,(anonymous_3)
FNDA:5,(anonymous_4)
FNDA:1,(anonymous_5)
FNDA:1,(anonymous_6)
DA:6,1
DA:13,1
DA:14,9
DA:15,9
DA:23,7
DA:24,1
DA:25,1
DA:28,6
DA:30,3
DA:31,3
DA:42,1
DA:43,7
DA:45,7
DA:46,3
DA:50,4
DA:53,4
DA:55,4
DA:57,2
DA:58,1
DA:62,1
DA:63,1
DA:64,1
DA:66,1
DA:68,1
DA:73,0
DA:74,0
DA:81,1
DA:82,1
DA:93,1
DA:94,5
DA:96,5
DA:97,3
DA:100,2
DA:102,2
DA:105,2
DA:112,1
DA:113,1
DA:114,1
DA:121,1
DA:122,1
DA:123,1
LF:41
LH:39
BRDA:6,0,0,0
BRDA:6,0,1,1
BRDA:13,1,0,9
BRDA:23,2,0,1
BRDA:23,2,1,6
BRDA:25,3,0,1
BRDA:25,3,1,0
BRDA:31,4,0,3
BRDA:31,4,1,0
BRDA:45,5,0,3
BRDA:45,5,1,4
BRDA:45,6,0,7
BRDA:45,6,1,5
BRDA:57,7,0,1
BRDA:57,7,1,1
BRDA:57,8,0,2
BRDA:57,8,1,1
BRDA:96,9,0,3
BRDA:96,9,1,2
BRDA:96,10,0,5
BRDA:96,10,1,4
BRDA:96,10,2,3
BRF:22
BRH:19
end_of_record
